<?xml version="1.0" encoding="UTF-8"?>
<!-- Generated by org.testng.reporters.JUnitReportReporter -->
<testsuite hostname="ROHIT" name="com.org.learningMaven.com.org.learningMaven.firstMavenTest" tests="1" failures="0" timestamp="21 Oct 2015 19:05:29 GMT" time="10.957" errors="0">
  <testcase name="login" time="10.957" classname="com.org.learningMaven.com.org.learningMaven.firstMavenTest"/>
</testsuite>
