<?xml version="1.0" encoding="UTF-8"?>
<!-- Generated by org.testng.reporters.JUnitReportReporter -->
<testsuite hostname="ROHIT" name="example.NewTest" tests="1" failures="0" timestamp="21 Oct 2015 19:05:29 GMT" time="12.744" errors="0">
  <testcase name="testEasy" time="12.744" classname="example.NewTest"/>
</testsuite>
